#
# A fatal error has been detected by the Java Runtime Environment:
#
#  SIGSEGV (0xb) at pc=0x00007f634106973a, pid=3171, tid=0x00007f633c110700
#
# JRE version: Java(TM) SE Runtime Environment (8.0_101-b13) (build 1.8.0_101-b13)
# Java VM: Java HotSpot(TM) 64-Bit Server VM (25.101-b13 mixed mode linux-amd64 compressed oops)
# Problematic frame:
# v  ~BufferBlob::jni_fast_GetLongField
#
# Failed to write core dump. Core dumps have been disabled. To enable core dumping, try "ulimit -c unlimited" before starting Java again
#
# If you would like to submit a bug report, please visit:
#   http://bugreport.java.com/bugreport/crash.jsp
# The crash happened outside the Java Virtual Machine in native code.
# See problematic frame for where to report the bug.
#

---------------  T H R E A D  ---------------

Current thread (0x00007f6350261800):  JavaThread "AWT-XAWT" daemon [_thread_in_native, id=3187, stack(0x00007f633c010000,0x00007f633c111000)]

siginfo: si_signo: 11 (SIGSEGV), si_code: 1 (SEGV_MAPERR), si_addr: 0x0000000000000000

Registers:
RAX=0x00007f6357e8a400, RBX=0x00007f63502619f8, RCX=0x00007f63588f12c0, RDX=0x0000000000000042
RSP=0x00007f633c10f838, RBP=0x00007f633c10f860, RSI=0x0000000000000000, RDI=0x00007f63502619f8
R8 =0x00000000ed973ff0, R9 =0x0000000000000000, R10=0x0000000000000032, R11=0x00007f6341249898
R12=0x00007f6304072710, R13=0x0000000000000000, R14=0x00007f633dcb37e0, R15=0x00007f6350261800
RIP=0x00007f634106973a, EFLAGS=0x0000000000010246, CSGSFS=0x0000000000000033, ERR=0x0000000000000004
  TRAPNO=0x000000000000000e

Top of Stack: (sp=0x00007f633c10f838)
0x00007f633c10f838:   00007f633da91ef1 00007f6354d37bb8
0x00007f633c10f848:   00007f6304072710 00007f633c10f910
0x00007f633c10f858:   00007f633c10f8e0 0000000000000000
0x00007f633c10f868:   00007f633d5733c0 00007f6354d37bb8
0x00007f633c10f878:   00007f633c10f8a0 0000000000000000
0x00007f633c10f888:   00007f633d56af93 00007f633c10f910
0x00007f633c10f898:   00007f633da8b12f 00007f633c10f8f0
0x00007f633c10f8a8:   00007f6341249936 0000000000000000
0x00007f633c10f8b8:   00007f63411f1af6 00007f633c10f910
0x00007f633c10f8c8:   00007f634116c8ac 00000000edb9cc10
0x00007f633c10f8d8:   00000000edb6b478 00000000edb3cf10
0x00007f633c10f8e8:   0000000000000001 00007f633c10f970
0x00007f633c10f8f8:   00007f6341007a90 00007f633c10f970
0x00007f633c10f908:   00007f6341007a90 0000000000000000
0x00007f633c10f918:   00007f6341007dd0 00007f6308000e30
0x00007f633c10f928:   00000000edb9cc10 00007f633c10f930
0x00007f633c10f938:   00007f6354e12fcc 00007f633c10f9b8
0x00007f633c10f948:   00007f6354e1bf50 0000000000000000
0x00007f633c10f958:   00007f6354e13108 00007f633c10f910
0x00007f633c10f968:   00007f633c10f9b0 00007f633c10fa00
0x00007f633c10f978:   00007f63410082bd 0000000000000000
0x00007f633c10f988:   00000000edc867e8 0000000000000000
0x00007f633c10f998:   0000000000000000 0000000000000000
0x00007f633c10f9a8:   00000000edb9cc10 0000000000000000
0x00007f633c10f9b8:   00000000edb7af70 00007f633c10f9c0
0x00007f633c10f9c8:   00007f6354e12e0d 00007f633c10fa10
0x00007f633c10f9d8:   00007f6354e1bf50 0000000000000000
0x00007f633c10f9e8:   00007f6354e12e18 00007f633c10f9b0
0x00007f633c10f9f8:   00007f633c10fa10 00007f633c10fa58
0x00007f633c10fa08:   00007f6341008302 00000000edb7af70
0x00007f633c10fa18:   00007f633c10fa18 00007f635492d993
0x00007f633c10fa28:   00007f633c10fa68 00007f63549b4e98 

Instructions: (pc=0x00007f634106973a)
0x00007f634106971a:   00 00 00 00 00 00 44 8b 15 61 07 e6 16 4c 8b ce
0x00007f634106972a:   41 f6 c2 01 0f 85 2e 00 00 00 4d 33 ca 4d 33 ca
0x00007f634106973a:   4d 8b 09 4c 8b da 49 c1 eb 02 4b 8b 04 19 49 bb
0x00007f634106974a:   88 9e ec 57 63 7f 00 00 4c 33 d8 4c 33 d8 45 3b 

Register to memory mapping:

RAX=0x00007f6357e8a400: <offset 0xf82400> in /home/master/jdk1.8.0_101/jre/lib/amd64/server/libjvm.so at 0x00007f6356f08000
RBX=0x00007f63502619f8 is an unknown value
RCX=0x00007f63588f12c0: <offset 0x2182c0> in /lib/x86_64-linux-gnu/libpthread.so.0 at 0x00007f63586d9000
RDX=0x0000000000000042 is an unknown value
RSP=0x00007f633c10f838 is pointing into the stack for thread: 0x00007f6350261800
RBP=0x00007f633c10f860 is pointing into the stack for thread: 0x00007f6350261800
RSI=0x0000000000000000 is an unknown value
RDI=0x00007f63502619f8 is an unknown value
R8 =0x00000000ed973ff0 is an oop
sun.util.logging.PlatformLogger$Level 
 - klass: 'sun/util/logging/PlatformLogger$Level'
R9 =0x0000000000000000 is an unknown value
R10=0x0000000000000032 is an unknown value
R11=0x00007f6341249898 is at entry_point+24 in (nmethod*)0x00007f6341249710
R12=0x00007f6304072710 is an unknown value
R13=0x0000000000000000 is an unknown value
R14=0x00007f633dcb37e0: <offset 0x2587e0> in /home/master/jdk1.8.0_101/jre/lib/amd64/libawt_xawt.so at 0x00007f633da5b000
R15=0x00007f6350261800 is a thread


Stack: [0x00007f633c010000,0x00007f633c111000],  sp=0x00007f633c10f838,  free space=1022k
Native frames: (J=compiled Java code, j=interpreted, Vv=VM code, C=native code)
v  ~BufferBlob::jni_fast_GetLongField
C  [libX11.so.6+0x643c0]  _XimServerDestroy+0x70

Java frames: (J=compiled Java code, j=interpreted, Vv=VM code)
J 611  sun.awt.X11.XlibWrapper.XFilterEvent(JJ)Z (0 bytes) @ 0x00007f63412498c4 [0x00007f6341249880+0x44]
j  sun.awt.X11.XToolkit.run(Z)V+300
j  sun.awt.X11.XToolkit.run()V+5
j  java.lang.Thread.run()V+11
v  ~StubRoutines::call_stub

---------------  P R O C E S S  ---------------

Java Threads: ( => current thread )
  0x00007f6320001000 JavaThread "SIGTERM handler" daemon [_thread_blocked, id=5663, stack(0x00007f630e628000,0x00007f630e729000)]
  0x00007f6304081800 JavaThread "TimerQueue" daemon [_thread_blocked, id=3191, stack(0x00007f630e929000,0x00007f630ea2a000)]
  0x00007f635000a000 JavaThread "DestroyJavaVM" [_thread_blocked, id=3174, stack(0x00007f63589fc000,0x00007f6358afd000)]
  0x00007f6308005800 JavaThread "AWT-EventQueue-0" [_thread_blocked, id=3189, stack(0x00007f630f9f8000,0x00007f630faf9000)]
  0x00007f63502b5800 JavaThread "AWT-Shutdown" [_thread_blocked, id=3188, stack(0x00007f630fcf9000,0x00007f630fdfa000)]
=>0x00007f6350261800 JavaThread "AWT-XAWT" daemon [_thread_in_native, id=3187, stack(0x00007f633c010000,0x00007f633c111000)]
  0x00007f6350240800 JavaThread "Java2D Disposer" daemon [_thread_blocked, id=3186, stack(0x00007f633c31b000,0x00007f633c41c000)]
  0x00007f63500cb800 JavaThread "Service Thread" daemon [_thread_blocked, id=3184, stack(0x00007f633e087000,0x00007f633e188000)]
  0x00007f63500b7000 JavaThread "C1 CompilerThread1" daemon [_thread_blocked, id=3183, stack(0x00007f633e188000,0x00007f633e289000)]
  0x00007f63500b4000 JavaThread "C2 CompilerThread0" daemon [_thread_blocked, id=3182, stack(0x00007f633e289000,0x00007f633e38a000)]
  0x00007f63500b2800 JavaThread "Signal Dispatcher" daemon [_thread_in_vm, id=3181, stack(0x00007f633e38a000,0x00007f633e48b000)]
  0x00007f635007f800 JavaThread "Finalizer" daemon [_thread_blocked, id=3180, stack(0x00007f633ee4a000,0x00007f633ef4b000)]
  0x00007f635007b000 JavaThread "Reference Handler" daemon [_thread_blocked, id=3179, stack(0x00007f633ef4b000,0x00007f633f04c000)]

Other Threads:
  0x00007f6350073800 VMThread [stack: 0x00007f633f04c000,0x00007f633f14d000] [id=3178]
  0x00007f63500df000 WatcherThread [stack: 0x00007f633df86000,0x00007f633e087000] [id=3185]

VM state:not at safepoint (normal execution)

VM Mutex/Monitor currently owned by a thread:  ([mutex/lock_event])
[0x00007f6350006240] Threads_lock - owner thread: 0x00007f63500b2800

Heap:
 PSYoungGen      total 16896K, used 9807K [0x00000000ed900000, 0x00000000eeb80000, 0x0000000100000000)
  eden space 14848K, 66% used [0x00000000ed900000,0x00000000ee293e40,0x00000000ee780000)
  from space 2048K, 0% used [0x00000000ee980000,0x00000000ee980000,0x00000000eeb80000)
  to   space 2048K, 0% used [0x00000000ee780000,0x00000000ee780000,0x00000000ee980000)
 ParOldGen       total 38400K, used 0K [0x00000000c8a00000, 0x00000000caf80000, 0x00000000ed900000)
  object space 38400K, 0% used [0x00000000c8a00000,0x00000000c8a00000,0x00000000caf80000)
 Metaspace       used 11910K, capacity 12110K, committed 12544K, reserved 1060864K
  class space    used 1349K, capacity 1413K, committed 1536K, reserved 1048576K

Card table byte_map: [0x00007f63555e5000,0x00007f63557a1000] byte_map_base: 0x00007f6354fa0000

Marking Bits: (ParMarkBitMap*) 0x00007f6357ec9120
 Begin Bits: [0x00007f633f450000, 0x00007f6340228000)
 End Bits:   [0x00007f6340228000, 0x00007f6341000000)

Polling page: 0x00007f6358b18000

CodeCache: size=245760Kb used=4382Kb max_used=4390Kb free=241377Kb
 bounds [0x00007f6341000000, 0x00007f6341450000, 0x00007f6350000000]
 total_blobs=1714 nmethods=1187 adapters=441
 compilation: enabled

Compilation events (10 events):
Event: 1068,711 Thread 0x00007f63500b7000 1183   !   3       sun.awt.X11.XToolkit$1::dispatchEvent (34 bytes)
Event: 1068,715 Thread 0x00007f63500b7000 nmethod 1183 0x00007f6341445dd0 code [0x00007f6341446020, 0x00007f6341446e38]
Event: 1073,400 Thread 0x00007f63500b7000 1184       3       java.util.Vector::<init> (53 bytes)
Event: 1073,418 Thread 0x00007f63500b7000 nmethod 1184 0x00007f6341447510 code [0x00007f63414476c0, 0x00007f6341447b78]
Event: 1594,501 Thread 0x00007f63500b4000 1185   !   4       sun.awt.X11.XToolkit::getNextTaskTime (55 bytes)
Event: 1594,539 Thread 0x00007f63500b4000 nmethod 1185 0x00007f634144ac90 code [0x00007f634144ae20, 0x00007f634144b148]
Event: 1683,534 Thread 0x00007f63500b7000 1186       3       sun.awt.X11.XMSelection$1::dispatchEvent (10 bytes)
Event: 1683,536 Thread 0x00007f63500b7000 nmethod 1186 0x00007f634144a390 code [0x00007f634144a540, 0x00007f634144a998]
Event: 1683,536 Thread 0x00007f63500b7000 1187       3       sun.awt.X11.XMSelection::processRootEvent (32 bytes)
Event: 1683,540 Thread 0x00007f63500b7000 nmethod 1187 0x00007f6341449b90 code [0x00007f6341449d40, 0x00007f634144a118]

GC Heap History (0 events):
No events

Deoptimization events (0 events):
No events

Internal exceptions (10 events):
Event: 0,334 Thread 0x00007f635000a000 Exception <a 'java/security/PrivilegedActionException'> (0x00000000ed98b558) thrown at [/HUDSON3/workspace/8-2-build-linux-amd64/jdk8u101/7261/hotspot/src/share/vm/prims/jvm.cpp, line 1386]
Event: 0,334 Thread 0x00007f635000a000 Exception <a 'java/security/PrivilegedActionException'> (0x00000000ed98b768) thrown at [/HUDSON3/workspace/8-2-build-linux-amd64/jdk8u101/7261/hotspot/src/share/vm/prims/jvm.cpp, line 1386]
Event: 0,526 Thread 0x00007f635000a000 Exception <a 'java/lang/NoSuchFieldError': method resolution failed> (0x00000000edaa5dc0) thrown at [/HUDSON3/workspace/8-2-build-linux-amd64/jdk8u101/7261/hotspot/src/share/vm/prims/methodHandles.cpp, line 1146]
Event: 0,535 Thread 0x00007f635000a000 Exception <a 'java/lang/NoSuchFieldError': method resolution failed> (0x00000000edab3590) thrown at [/HUDSON3/workspace/8-2-build-linux-amd64/jdk8u101/7261/hotspot/src/share/vm/prims/methodHandles.cpp, line 1146]
Event: 0,673 Thread 0x00007f635000a000 Exception <a 'java/io/FileNotFoundException'> (0x00000000edb31ff0) thrown at [/HUDSON3/workspace/8-2-build-linux-amd64/jdk8u101/7261/hotspot/src/share/vm/prims/jni.cpp, line 709]
Event: 0,674 Thread 0x00007f635000a000 Exception <a 'java/io/FileNotFoundException'> (0x00000000edb32aa0) thrown at [/HUDSON3/workspace/8-2-build-linux-amd64/jdk8u101/7261/hotspot/src/share/vm/prims/jni.cpp, line 709]
Event: 1,733 Thread 0x00007f6308005800 Exception <a 'java/net/UnknownHostException'> (0x00000000edd05568) thrown at [/HUDSON3/workspace/8-2-build-linux-amd64/jdk8u101/7261/hotspot/src/share/vm/prims/jni.cpp, line 709]
Event: 2,209 Thread 0x00007f6308005800 Exception <a 'java/lang/UnsupportedOperationException': > (0x00000000edddd908) thrown at [/HUDSON3/workspace/8-2-build-linux-amd64/jdk8u101/7261/hotspot/src/share/vm/prims/jni.cpp, line 735]
Event: 3,628 Thread 0x00007f6308005800 Exception <a 'java/lang/UnsupportedOperationException': > (0x00000000ede7ae80) thrown at [/HUDSON3/workspace/8-2-build-linux-amd64/jdk8u101/7261/hotspot/src/share/vm/prims/jni.cpp, line 735]
Event: 16,175 Thread 0x00007f6308005800 Exception <a 'java/lang/UnsupportedOperationException': > (0x00000000ee11f820) thrown at [/HUDSON3/workspace/8-2-build-linux-amd64/jdk8u101/7261/hotspot/src/share/vm/prims/jni.cpp, line 735]

Events (10 events):
Event: 21,331 loading class java/awt/Component$FlipBufferStrategy done
Event: 908,123 loading class sun/awt/X11/XkbEvent
Event: 908,123 loading class sun/awt/X11/XkbEvent done
Event: 908,124 loading class sun/awt/X11/XkbAnyEvent
Event: 908,125 loading class sun/awt/X11/XkbAnyEvent done
Event: 2596,886 loading class sun/awt/X11/XDestroyWindowEvent
Event: 2596,886 loading class sun/awt/X11/XDestroyWindowEvent done
Event: 2597,964 loading class sun/misc/Signal$1
Event: 2597,965 loading class sun/misc/Signal$1 done
Event: 2597,966 Thread 0x00007f6320001000 Thread added: 0x00007f6320001000


Dynamic libraries:
00400000-00401000 r-xp 00000000 08:06 543389                             /home/master/jdk1.8.0_101/bin/java
00600000-00601000 rw-p 00000000 08:06 543389                             /home/master/jdk1.8.0_101/bin/java
019a9000-019ca000 rw-p 00000000 00:00 0                                  [heap]
c8a00000-caf80000 rw-p 00000000 00:00 0 
caf80000-ed900000 ---p 00000000 00:00 0 
ed900000-eeb80000 rw-p 00000000 00:00 0 
eeb80000-100000000 ---p 00000000 00:00 0 
100000000-100180000 rw-p 00000000 00:00 0 
100180000-140000000 ---p 00000000 00:00 0 
7f6300000000-7f6300021000 rw-p 00000000 00:00 0 
7f6300021000-7f6304000000 ---p 00000000 00:00 0 
7f6304000000-7f6304315000 rw-p 00000000 00:00 0 
7f6304315000-7f6308000000 ---p 00000000 00:00 0 
7f6308000000-7f6308038000 rw-p 00000000 00:00 0 
7f6308038000-7f630c000000 ---p 00000000 00:00 0 
7f630e527000-7f630e628000 rw-p 00000000 00:00 0 
7f630e628000-7f630e62b000 ---p 00000000 00:00 0 
7f630e62b000-7f630e7e9000 rw-p 00000000 00:00 0 
7f630e7e9000-7f630e929000 ---p 00000000 00:00 0 
7f630e929000-7f630e92c000 ---p 00000000 00:00 0 
7f630e92c000-7f630ea2a000 rw-p 00000000 00:00 0 
7f630ea2a000-7f630ea93000 r-xp 00000000 08:06 534582                     /home/master/jdk1.8.0_101/jre/lib/amd64/libt2k.so
7f630ea93000-7f630ec93000 ---p 00069000 08:06 534582                     /home/master/jdk1.8.0_101/jre/lib/amd64/libt2k.so
7f630ec93000-7f630ec9a000 rw-p 00069000 08:06 534582                     /home/master/jdk1.8.0_101/jre/lib/amd64/libt2k.so
7f630ec9a000-7f630ecaa000 rw-p 00000000 00:00 0 
7f630ecaa000-7f630ecbb000 r-xp 00000000 08:06 534566                     /home/master/jdk1.8.0_101/jre/lib/amd64/libnio.so
7f630ecbb000-7f630eeba000 ---p 00011000 08:06 534566                     /home/master/jdk1.8.0_101/jre/lib/amd64/libnio.so
7f630eeba000-7f630eebb000 rw-p 00010000 08:06 534566                     /home/master/jdk1.8.0_101/jre/lib/amd64/libnio.so
7f630eebb000-7f630eed2000 r-xp 00000000 08:06 398655                     /lib/x86_64-linux-gnu/libresolv-2.23.so
7f630eed2000-7f630f0d2000 ---p 00017000 08:06 398655                     /lib/x86_64-linux-gnu/libresolv-2.23.so
7f630f0d2000-7f630f0d3000 r--p 00017000 08:06 398655                     /lib/x86_64-linux-gnu/libresolv-2.23.so
7f630f0d3000-7f630f0d4000 rw-p 00018000 08:06 398655                     /lib/x86_64-linux-gnu/libresolv-2.23.so
7f630f0d4000-7f630f0d6000 rw-p 00000000 00:00 0 
7f630f0d6000-7f630f0db000 r-xp 00000000 08:06 398600                     /lib/x86_64-linux-gnu/libnss_dns-2.23.so
7f630f0db000-7f630f2db000 ---p 00005000 08:06 398600                     /lib/x86_64-linux-gnu/libnss_dns-2.23.so
7f630f2db000-7f630f2dc000 r--p 00005000 08:06 398600                     /lib/x86_64-linux-gnu/libnss_dns-2.23.so
7f630f2dc000-7f630f2dd000 rw-p 00006000 08:06 398600                     /lib/x86_64-linux-gnu/libnss_dns-2.23.so
7f630f2dd000-7f630f2df000 r-xp 00000000 08:06 398608                     /lib/x86_64-linux-gnu/libnss_mdns4_minimal.so.2
7f630f2df000-7f630f4de000 ---p 00002000 08:06 398608                     /lib/x86_64-linux-gnu/libnss_mdns4_minimal.so.2
7f630f4de000-7f630f4df000 r--p 00001000 08:06 398608                     /lib/x86_64-linux-gnu/libnss_mdns4_minimal.so.2
7f630f4df000-7f630f4e0000 rw-p 00002000 08:06 398608                     /lib/x86_64-linux-gnu/libnss_mdns4_minimal.so.2
7f630f4e0000-7f630f7e1000 rw-p 00000000 00:00 0 
7f630f7e1000-7f630f7f7000 r-xp 00000000 08:06 534567                     /home/master/jdk1.8.0_101/jre/lib/amd64/libnet.so
7f630f7f7000-7f630f9f7000 ---p 00016000 08:06 534567                     /home/master/jdk1.8.0_101/jre/lib/amd64/libnet.so
7f630f9f7000-7f630f9f8000 rw-p 00016000 08:06 534567                     /home/master/jdk1.8.0_101/jre/lib/amd64/libnet.so
7f630f9f8000-7f630f9fb000 ---p 00000000 00:00 0 
7f630f9fb000-7f630fcf9000 rw-p 00000000 00:00 0 
7f630fcf9000-7f630fcfc000 ---p 00000000 00:00 0 
7f630fcfc000-7f630fdfa000 rw-p 00000000 00:00 0 
7f630fdfa000-7f630fdff000 r-xp 00000000 08:06 11205                      /usr/lib/x86_64-linux-gnu/libXfixes.so.3.1.0
7f630fdff000-7f630fffe000 ---p 00005000 08:06 11205                      /usr/lib/x86_64-linux-gnu/libXfixes.so.3.1.0
7f630fffe000-7f630ffff000 r--p 00004000 08:06 11205                      /usr/lib/x86_64-linux-gnu/libXfixes.so.3.1.0
7f630ffff000-7f6310000000 rw-p 00005000 08:06 11205                      /usr/lib/x86_64-linux-gnu/libXfixes.so.3.1.0
7f6310000000-7f6310021000 rw-p 00000000 00:00 0 
7f6310021000-7f6314000000 ---p 00000000 00:00 0 
7f6314000000-7f6314021000 rw-p 00000000 00:00 0 
7f6314021000-7f6318000000 ---p 00000000 00:00 0 
7f6318000000-7f6318703000 rw-p 00000000 00:00 0 
7f6318703000-7f631c000000 ---p 00000000 00:00 0 
7f631c000000-7f631c021000 rw-p 00000000 00:00 0 
7f631c021000-7f6320000000 ---p 00000000 00:00 0 
7f6320000000-7f6320021000 rw-p 00000000 00:00 0 
7f6320021000-7f6324000000 ---p 00000000 00:00 0 
7f6324000000-7f632417c000 rw-p 00000000 00:00 0 
7f632417c000-7f6328000000 ---p 00000000 00:00 0 
7f6328000000-7f6328021000 rw-p 00000000 00:00 0 
7f6328021000-7f632c000000 ---p 00000000 00:00 0 
7f632c000000-7f632c021000 rw-p 00000000 00:00 0 
7f632c021000-7f6330000000 ---p 00000000 00:00 0 
7f6330000000-7f6330021000 rw-p 00000000 00:00 0 
7f6330021000-7f6334000000 ---p 00000000 00:00 0 
7f6334000000-7f6334021000 rw-p 00000000 00:00 0 
7f6334021000-7f6338000000 ---p 00000000 00:00 0 
7f6338000000-7f6338021000 rw-p 00000000 00:00 0 
7f6338021000-7f633c000000 ---p 00000000 00:00 0 
7f633c010000-7f633c013000 ---p 00000000 00:00 0 
7f633c013000-7f633c111000 rw-p 00000000 00:00 0 
7f633c111000-7f633c11a000 r-xp 00000000 08:06 11197                      /usr/lib/x86_64-linux-gnu/libXcursor.so.1.0.2
7f633c11a000-7f633c319000 ---p 00009000 08:06 11197                      /usr/lib/x86_64-linux-gnu/libXcursor.so.1.0.2
7f633c319000-7f633c31a000 r--p 00008000 08:06 11197                      /usr/lib/x86_64-linux-gnu/libXcursor.so.1.0.2
7f633c31a000-7f633c31b000 rw-p 00009000 08:06 11197                      /usr/lib/x86_64-linux-gnu/libXcursor.so.1.0.2
7f633c31b000-7f633c31e000 ---p 00000000 00:00 0 
7f633c31e000-7f633c41c000 rw-p 00000000 00:00 0 
7f633c41c000-7f633c432000 r-xp 00000000 08:06 398541                     /lib/x86_64-linux-gnu/libgcc_s.so.1
7f633c432000-7f633c631000 ---p 00016000 08:06 398541                     /lib/x86_64-linux-gnu/libgcc_s.so.1
7f633c631000-7f633c632000 rw-p 00015000 08:06 398541                     /lib/x86_64-linux-gnu/libgcc_s.so.1
7f633c64a000-7f633c6af000 r-xp 00000000 08:06 533627                     /home/master/jdk1.8.0_101/jre/lib/amd64/libfontmanager.so
7f633c6af000-7f633c8ae000 ---p 00065000 08:06 533627                     /home/master/jdk1.8.0_101/jre/lib/amd64/libfontmanager.so
7f633c8ae000-7f633c8b3000 rw-p 00064000 08:06 533627                     /home/master/jdk1.8.0_101/jre/lib/amd64/libfontmanager.so
7f633c8b3000-7f633c8c3000 rw-p 00000000 00:00 0 
7f633c8c3000-7f633c8c8000 r-xp 00000000 08:06 11201                      /usr/lib/x86_64-linux-gnu/libXdmcp.so.6.0.0
7f633c8c8000-7f633cac7000 ---p 00005000 08:06 11201                      /usr/lib/x86_64-linux-gnu/libXdmcp.so.6.0.0
7f633cac7000-7f633cac8000 r--p 00004000 08:06 11201                      /usr/lib/x86_64-linux-gnu/libXdmcp.so.6.0.0
7f633cac8000-7f633cac9000 rw-p 00005000 08:06 11201                      /usr/lib/x86_64-linux-gnu/libXdmcp.so.6.0.0
7f633cac9000-7f633cacb000 r-xp 00000000 08:06 11190                      /usr/lib/x86_64-linux-gnu/libXau.so.6.0.0
7f633cacb000-7f633cccb000 ---p 00002000 08:06 11190                      /usr/lib/x86_64-linux-gnu/libXau.so.6.0.0
7f633cccb000-7f633cccc000 r--p 00002000 08:06 11190                      /usr/lib/x86_64-linux-gnu/libXau.so.6.0.0
7f633cccc000-7f633cccd000 rw-p 00003000 08:06 11190                      /usr/lib/x86_64-linux-gnu/libXau.so.6.0.0
7f633cccd000-7f633ccee000 r-xp 00000000 08:06 12568                      /usr/lib/x86_64-linux-gnu/libxcb.so.1.1.0
7f633ccee000-7f633ceed000 ---p 00021000 08:06 12568                      /usr/lib/x86_64-linux-gnu/libxcb.so.1.1.0
7f633ceed000-7f633ceee000 r--p 00020000 08:06 12568                      /usr/lib/x86_64-linux-gnu/libxcb.so.1.1.0
7f633ceee000-7f633ceef000 rw-p 00021000 08:06 12568                      /usr/lib/x86_64-linux-gnu/libxcb.so.1.1.0
7f633ceef000-7f633cefe000 r-xp 00000000 08:06 11211                      /usr/lib/x86_64-linux-gnu/libXi.so.6.1.0
7f633cefe000-7f633d0fd000 ---p 0000f000 08:06 11211                      /usr/lib/x86_64-linux-gnu/libXi.so.6.1.0
7f633d0fd000-7f633d0fe000 r--p 0000e000 08:06 11211                      /usr/lib/x86_64-linux-gnu/libXi.so.6.1.0
7f633d0fe000-7f633d0ff000 rw-p 0000f000 08:06 11211                      /usr/lib/x86_64-linux-gnu/libXi.so.6.1.0
7f633d0ff000-7f633d104000 r-xp 00000000 08:06 11229                      /usr/lib/x86_64-linux-gnu/libXtst.so.6.1.0
7f633d104000-7f633d303000 ---p 00005000 08:06 11229                      /usr/lib/x86_64-linux-gnu/libXtst.so.6.1.0
7f633d303000-7f633d304000 r--p 00004000 08:06 11229                      /usr/lib/x86_64-linux-gnu/libXtst.so.6.1.0
7f633d304000-7f633d305000 rw-p 00005000 08:06 11229                      /usr/lib/x86_64-linux-gnu/libXtst.so.6.1.0
7f633d305000-7f633d30e000 r-xp 00000000 08:06 11223                      /usr/lib/x86_64-linux-gnu/libXrender.so.1.3.0
7f633d30e000-7f633d50d000 ---p 00009000 08:06 11223                      /usr/lib/x86_64-linux-gnu/libXrender.so.1.3.0
7f633d50d000-7f633d50e000 r--p 00008000 08:06 11223                      /usr/lib/x86_64-linux-gnu/libXrender.so.1.3.0
7f633d50e000-7f633d50f000 rw-p 00009000 08:06 11223                      /usr/lib/x86_64-linux-gnu/libXrender.so.1.3.0
7f633d50f000-7f633d644000 r-xp 00000000 08:06 11186                      /usr/lib/x86_64-linux-gnu/libX11.so.6.3.0
7f633d644000-7f633d844000 ---p 00135000 08:06 11186                      /usr/lib/x86_64-linux-gnu/libX11.so.6.3.0
7f633d844000-7f633d845000 r--p 00135000 08:06 11186                      /usr/lib/x86_64-linux-gnu/libX11.so.6.3.0
7f633d845000-7f633d849000 rw-p 00136000 08:06 11186                      /usr/lib/x86_64-linux-gnu/libX11.so.6.3.0
7f633d849000-7f633d85a000 r-xp 00000000 08:06 11203                      /usr/lib/x86_64-linux-gnu/libXext.so.6.4.0
7f633d85a000-7f633da59000 ---p 00011000 08:06 11203                      /usr/lib/x86_64-linux-gnu/libXext.so.6.4.0
7f633da59000-7f633da5a000 r--p 00010000 08:06 11203                      /usr/lib/x86_64-linux-gnu/libXext.so.6.4.0
7f633da5a000-7f633da5b000 rw-p 00011000 08:06 11203                      /usr/lib/x86_64-linux-gnu/libXext.so.6.4.0
7f633da5b000-7f633daaf000 r-xp 00000000 08:06 533653                     /home/master/jdk1.8.0_101/jre/lib/amd64/libawt_xawt.so
7f633daaf000-7f633dcaf000 ---p 00054000 08:06 533653                     /home/master/jdk1.8.0_101/jre/lib/amd64/libawt_xawt.so
7f633dcaf000-7f633dcb3000 rw-p 00054000 08:06 533653                     /home/master/jdk1.8.0_101/jre/lib/amd64/libawt_xawt.so
7f633dcb3000-7f633dcb4000 rw-p 00000000 00:00 0 
7f633dcb4000-7f633dd56000 r-xp 00000000 08:06 534599                     /home/master/jdk1.8.0_101/jre/lib/amd64/libawt.so
7f633dd56000-7f633df56000 ---p 000a2000 08:06 534599                     /home/master/jdk1.8.0_101/jre/lib/amd64/libawt.so
7f633df56000-7f633df62000 rw-p 000a2000 08:06 534599                     /home/master/jdk1.8.0_101/jre/lib/amd64/libawt.so
7f633df62000-7f633df86000 rw-p 00000000 00:00 0 
7f633df86000-7f633df87000 ---p 00000000 00:00 0 
7f633df87000-7f633e087000 rw-p 00000000 00:00 0 
7f633e087000-7f633e08a000 ---p 00000000 00:00 0 
7f633e08a000-7f633e188000 rw-p 00000000 00:00 0 
7f633e188000-7f633e18b000 ---p 00000000 00:00 0 
7f633e18b000-7f633e289000 rw-p 00000000 00:00 0 
7f633e289000-7f633e28c000 ---p 00000000 00:00 0 
7f633e28c000-7f633e38a000 rw-p 00000000 00:00 0 
7f633e38a000-7f633e38d000 ---p 00000000 00:00 0 
7f633e38d000-7f633e48b000 rw-p 00000000 00:00 0 
7f633e48b000-7f633ee4a000 r--p 00000000 08:06 9257                       /usr/lib/locale/locale-archive
7f633ee4a000-7f633ee4d000 ---p 00000000 00:00 0 
7f633ee4d000-7f633ef4b000 rw-p 00000000 00:00 0 
7f633ef4b000-7f633ef4e000 ---p 00000000 00:00 0 
7f633ef4e000-7f633f04c000 rw-p 00000000 00:00 0 
7f633f04c000-7f633f04d000 ---p 00000000 00:00 0 
7f633f04d000-7f6341000000 rw-p 00000000 00:00 0 
7f6341000000-7f6341450000 rwxp 00000000 00:00 0 
7f6341450000-7f6350000000 ---p 00000000 00:00 0 
7f6350000000-7f63502c9000 rw-p 00000000 00:00 0 
7f63502c9000-7f6354000000 ---p 00000000 00:00 0 
7f635400f000-7f6354016000 r--s 00000000 08:06 135955                     /usr/lib/x86_64-linux-gnu/gconv/gconv-modules.cache
7f6354016000-7f635403b000 r--p 00000000 08:06 403850                     /usr/share/locale-langpack/es/LC_MESSAGES/libc.mo
7f635403b000-7f63546b1000 rw-p 00000000 00:00 0 
7f63546b1000-7f635488a000 r--s 03d29000 08:06 543299                     /home/master/jdk1.8.0_101/jre/lib/rt.jar
7f635488a000-7f63552bb000 rw-p 00000000 00:00 0 
7f63552bb000-7f63552bc000 ---p 00000000 00:00 0 
7f63552bc000-7f63553bc000 rw-p 00000000 00:00 0 
7f63553bc000-7f63553bd000 ---p 00000000 00:00 0 
7f63553bd000-7f63554d0000 rw-p 00000000 00:00 0 
7f63554d0000-7f63555e5000 ---p 00000000 00:00 0 
7f63555e5000-7f63555f8000 rw-p 00000000 00:00 0 
7f63555f8000-7f635570c000 ---p 00000000 00:00 0 
7f635570c000-7f6355716000 rw-p 00000000 00:00 0 
7f6355716000-7f63557a0000 ---p 00000000 00:00 0 
7f63557a0000-7f63557b3000 rw-p 00000000 00:00 0 
7f63557b3000-7f6355b61000 ---p 00000000 00:00 0 
7f6355b61000-7f6355b7b000 r-xp 00000000 08:06 534547                     /home/master/jdk1.8.0_101/jre/lib/amd64/libzip.so
7f6355b7b000-7f6355d7b000 ---p 0001a000 08:06 534547                     /home/master/jdk1.8.0_101/jre/lib/amd64/libzip.so
7f6355d7b000-7f6355d7c000 rw-p 0001a000 08:06 534547                     /home/master/jdk1.8.0_101/jre/lib/amd64/libzip.so
7f6355d7c000-7f6355d87000 r-xp 00000000 08:06 398602                     /lib/x86_64-linux-gnu/libnss_files-2.23.so
7f6355d87000-7f6355f86000 ---p 0000b000 08:06 398602                     /lib/x86_64-linux-gnu/libnss_files-2.23.so
7f6355f86000-7f6355f87000 r--p 0000a000 08:06 398602                     /lib/x86_64-linux-gnu/libnss_files-2.23.so
7f6355f87000-7f6355f88000 rw-p 0000b000 08:06 398602                     /lib/x86_64-linux-gnu/libnss_files-2.23.so
7f6355f88000-7f6355f8e000 rw-p 00000000 00:00 0 
7f6355f8e000-7f6355f99000 r-xp 00000000 08:06 398612                     /lib/x86_64-linux-gnu/libnss_nis-2.23.so
7f6355f99000-7f6356198000 ---p 0000b000 08:06 398612                     /lib/x86_64-linux-gnu/libnss_nis-2.23.so
7f6356198000-7f6356199000 r--p 0000a000 08:06 398612                     /lib/x86_64-linux-gnu/libnss_nis-2.23.so
7f6356199000-7f635619a000 rw-p 0000b000 08:06 398612                     /lib/x86_64-linux-gnu/libnss_nis-2.23.so
7f635619a000-7f63561b0000 r-xp 00000000 08:06 398596                     /lib/x86_64-linux-gnu/libnsl-2.23.so
7f63561b0000-7f63563af000 ---p 00016000 08:06 398596                     /lib/x86_64-linux-gnu/libnsl-2.23.so
7f63563af000-7f63563b0000 r--p 00015000 08:06 398596                     /lib/x86_64-linux-gnu/libnsl-2.23.so
7f63563b0000-7f63563b1000 rw-p 00016000 08:06 398596                     /lib/x86_64-linux-gnu/libnsl-2.23.so
7f63563b1000-7f63563b3000 rw-p 00000000 00:00 0 
7f63563b3000-7f63563bb000 r-xp 00000000 08:06 398598                     /lib/x86_64-linux-gnu/libnss_compat-2.23.so
7f63563bb000-7f63565ba000 ---p 00008000 08:06 398598                     /lib/x86_64-linux-gnu/libnss_compat-2.23.so
7f63565ba000-7f63565bb000 r--p 00007000 08:06 398598                     /lib/x86_64-linux-gnu/libnss_compat-2.23.so
7f63565bb000-7f63565bc000 rw-p 00008000 08:06 398598                     /lib/x86_64-linux-gnu/libnss_compat-2.23.so
7f63565bc000-7f63565e6000 r-xp 00000000 08:06 534337                     /home/master/jdk1.8.0_101/jre/lib/amd64/libjava.so
7f63565e6000-7f63567e6000 ---p 0002a000 08:06 534337                     /home/master/jdk1.8.0_101/jre/lib/amd64/libjava.so
7f63567e6000-7f63567e8000 rw-p 0002a000 08:06 534337                     /home/master/jdk1.8.0_101/jre/lib/amd64/libjava.so
7f63567e8000-7f63567f5000 r-xp 00000000 08:06 533670                     /home/master/jdk1.8.0_101/jre/lib/amd64/libverify.so
7f63567f5000-7f63569f5000 ---p 0000d000 08:06 533670                     /home/master/jdk1.8.0_101/jre/lib/amd64/libverify.so
7f63569f5000-7f63569f7000 rw-p 0000d000 08:06 533670                     /home/master/jdk1.8.0_101/jre/lib/amd64/libverify.so
7f63569f7000-7f63569fe000 r-xp 00000000 08:06 398657                     /lib/x86_64-linux-gnu/librt-2.23.so
7f63569fe000-7f6356bfd000 ---p 00007000 08:06 398657                     /lib/x86_64-linux-gnu/librt-2.23.so
7f6356bfd000-7f6356bfe000 r--p 00006000 08:06 398657                     /lib/x86_64-linux-gnu/librt-2.23.so
7f6356bfe000-7f6356bff000 rw-p 00007000 08:06 398657                     /lib/x86_64-linux-gnu/librt-2.23.so
7f6356bff000-7f6356d07000 r-xp 00000000 08:06 398573                     /lib/x86_64-linux-gnu/libm-2.23.so
7f6356d07000-7f6356f06000 ---p 00108000 08:06 398573                     /lib/x86_64-linux-gnu/libm-2.23.so
7f6356f06000-7f6356f07000 r--p 00107000 08:06 398573                     /lib/x86_64-linux-gnu/libm-2.23.so
7f6356f07000-7f6356f08000 rw-p 00108000 08:06 398573                     /lib/x86_64-linux-gnu/libm-2.23.so
7f6356f08000-7f6357bd3000 r-xp 00000000 08:06 1054156                    /home/master/jdk1.8.0_101/jre/lib/amd64/server/libjvm.so
7f6357bd3000-7f6357dd2000 ---p 00ccb000 08:06 1054156                    /home/master/jdk1.8.0_101/jre/lib/amd64/server/libjvm.so
7f6357dd2000-7f6357eab000 rw-p 00cca000 08:06 1054156                    /home/master/jdk1.8.0_101/jre/lib/amd64/server/libjvm.so
7f6357eab000-7f6357ef6000 rw-p 00000000 00:00 0 
7f6357ef6000-7f63580b6000 r-xp 00000000 08:06 398503                     /lib/x86_64-linux-gnu/libc-2.23.so
7f63580b6000-7f63582b5000 ---p 001c0000 08:06 398503                     /lib/x86_64-linux-gnu/libc-2.23.so
7f63582b5000-7f63582b9000 r--p 001bf000 08:06 398503                     /lib/x86_64-linux-gnu/libc-2.23.so
7f63582b9000-7f63582bb000 rw-p 001c3000 08:06 398503                     /lib/x86_64-linux-gnu/libc-2.23.so
7f63582bb000-7f63582bf000 rw-p 00000000 00:00 0 
7f63582bf000-7f63582c2000 r-xp 00000000 08:06 398527                     /lib/x86_64-linux-gnu/libdl-2.23.so
7f63582c2000-7f63584c1000 ---p 00003000 08:06 398527                     /lib/x86_64-linux-gnu/libdl-2.23.so
7f63584c1000-7f63584c2000 r--p 00002000 08:06 398527                     /lib/x86_64-linux-gnu/libdl-2.23.so
7f63584c2000-7f63584c3000 rw-p 00003000 08:06 398527                     /lib/x86_64-linux-gnu/libdl-2.23.so
7f63584c3000-7f63584d8000 r-xp 00000000 08:06 793242                     /home/master/jdk1.8.0_101/lib/amd64/jli/libjli.so
7f63584d8000-7f63586d8000 ---p 00015000 08:06 793242                     /home/master/jdk1.8.0_101/lib/amd64/jli/libjli.so
7f63586d8000-7f63586d9000 rw-p 00015000 08:06 793242                     /home/master/jdk1.8.0_101/lib/amd64/jli/libjli.so
7f63586d9000-7f63586f1000 r-xp 00000000 08:06 398649                     /lib/x86_64-linux-gnu/libpthread-2.23.so
7f63586f1000-7f63588f0000 ---p 00018000 08:06 398649                     /lib/x86_64-linux-gnu/libpthread-2.23.so
7f63588f0000-7f63588f1000 r--p 00017000 08:06 398649                     /lib/x86_64-linux-gnu/libpthread-2.23.so
7f63588f1000-7f63588f2000 rw-p 00018000 08:06 398649                     /lib/x86_64-linux-gnu/libpthread-2.23.so
7f63588f2000-7f63588f6000 rw-p 00000000 00:00 0 
7f63588f6000-7f635891c000 r-xp 00000000 08:06 398475                     /lib/x86_64-linux-gnu/ld-2.23.so
7f635891c000-7f6358921000 r--s 002f9000 08:06 534750                     /home/master/jdk1.8.0_101/jre/lib/charsets.jar
7f6358921000-7f6358925000 r--s 00060000 08:06 794775                     /home/master/NetBeansProjects/ParqueaderoConInterfazMejorada/librerias/webcam-capture-0.3.10.jar
7f6358925000-7f63589fc000 rw-p 00000000 00:00 0 
7f63589fc000-7f63589ff000 ---p 00000000 00:00 0 
7f63589ff000-7f6358b01000 rw-p 00000000 00:00 0 
7f6358b04000-7f6358b05000 r--s 00001000 08:06 794776                     /home/master/NetBeansProjects/ParqueaderoConInterfazMejorada/librerias/slf4j-simple-1.6.1.jar
7f6358b05000-7f6358b07000 r--s 00005000 08:06 794774                     /home/master/NetBeansProjects/ParqueaderoConInterfazMejorada/librerias/slf4j-api-1.7.2.jar
7f6358b07000-7f6358b0f000 r--s 000cf000 08:06 794773                     /home/master/NetBeansProjects/ParqueaderoConInterfazMejorada/librerias/bridj-0.6.2.jar
7f6358b0f000-7f6358b17000 rw-s 00000000 08:06 16408                      /tmp/hsperfdata_master/3171
7f6358b17000-7f6358b18000 rw-p 00000000 00:00 0 
7f6358b18000-7f6358b19000 r--p 00000000 00:00 0 
7f6358b19000-7f6358b1b000 rw-p 00000000 00:00 0 
7f6358b1b000-7f6358b1c000 r--p 00025000 08:06 398475                     /lib/x86_64-linux-gnu/ld-2.23.so
7f6358b1c000-7f6358b1d000 rw-p 00026000 08:06 398475                     /lib/x86_64-linux-gnu/ld-2.23.so
7f6358b1d000-7f6358b1e000 rw-p 00000000 00:00 0 
7ffdce78a000-7ffdce7ab000 rw-p 00000000 00:00 0                          [stack]
7ffdce7c9000-7ffdce7cb000 r--p 00000000 00:00 0                          [vvar]
7ffdce7cb000-7ffdce7cd000 r-xp 00000000 00:00 0                          [vdso]
ffffffffff600000-ffffffffff601000 r-xp 00000000 00:00 0                  [vsyscall]

VM Arguments:
jvm_args: -Dfile.encoding=UTF-8 
java_command: VentanasSegundarias.ingresarcarros
java_class_path (initial): /home/master/NetBeansProjects/ParqueaderoConInterfazMejorada/librerias/bridj-0.6.2.jar:/home/master/NetBeansProjects/ParqueaderoConInterfazMejorada/librerias/slf4j-api-1.7.2.jar:/home/master/NetBeansProjects/ParqueaderoConInterfazMejorada/librerias/slf4j-simple-1.6.1.jar:/home/master/NetBeansProjects/ParqueaderoConInterfazMejorada/librerias/webcam-capture-0.3.10.jar:/home/master/NetBeansProjects/ParqueaderoConInterfazMejorada/build/classes
Launcher Type: SUN_STANDARD

Environment Variables:
PATH=/usr/local/sbin:/usr/local/bin:/usr/sbin:/usr/bin:/sbin:/bin:/usr/games:/usr/local/games:/snap/bin
LD_LIBRARY_PATH=/home/master/jdk1.8.0_101/jre/lib/amd64:/home/master/jdk1.8.0_101/jre/lib/i386:
SHELL=/bin/bash
DISPLAY=:0

Signal Handlers:
SIGSEGV: [libjvm.so+0xac4790], sa_mask[0]=11111111011111111101111111111110, sa_flags=SA_RESTART|SA_SIGINFO
SIGBUS: [libjvm.so+0xac4790], sa_mask[0]=11111111011111111101111111111110, sa_flags=SA_RESTART|SA_SIGINFO
SIGFPE: [libjvm.so+0x91f140], sa_mask[0]=11111111011111111101111111111110, sa_flags=SA_RESTART|SA_SIGINFO
SIGPIPE: [libjvm.so+0x91f140], sa_mask[0]=11111111011111111101111111111110, sa_flags=SA_RESTART|SA_SIGINFO
SIGXFSZ: [libjvm.so+0x91f140], sa_mask[0]=11111111011111111101111111111110, sa_flags=SA_RESTART|SA_SIGINFO
SIGILL: [libjvm.so+0x91f140], sa_mask[0]=11111111011111111101111111111110, sa_flags=SA_RESTART|SA_SIGINFO
SIGUSR1: SIG_DFL, sa_mask[0]=00000000000000000000000000000000, sa_flags=none
SIGUSR2: [libjvm.so+0x920770], sa_mask[0]=00100000000000000000000000000000, sa_flags=SA_RESTART|SA_SIGINFO
SIGHUP: [libjvm.so+0x921b70], sa_mask[0]=11111111011111111101111111111110, sa_flags=SA_RESTART|SA_SIGINFO
SIGINT: SIG_IGN, sa_mask[0]=00000000000000000000000000000000, sa_flags=none
SIGTERM: [libjvm.so+0x921b70], sa_mask[0]=11111111011111111101111111111110, sa_flags=SA_RESTART|SA_SIGINFO
SIGQUIT: [libjvm.so+0x921b70], sa_mask[0]=11111111011111111101111111111110, sa_flags=SA_RESTART|SA_SIGINFO


---------------  S Y S T E M  ---------------

OS:DISTRIB_ID=Ubuntu
DISTRIB_RELEASE=16.04
DISTRIB_CODENAME=xenial
DISTRIB_DESCRIPTION="Ubuntu 16.04.1 LTS"

uname:Linux 4.4.0-36-generic #55-Ubuntu SMP Thu Aug 11 18:01:55 UTC 2016 x86_64
libc:glibc 2.23 NPTL 2.23 
rlimit: STACK 8192k, CORE 0k, NPROC 14022, NOFILE 65536, AS infinity
load average:3,55 1,31 1,03

/proc/meminfo:
MemTotal:        3628412 kB
MemFree:         1150112 kB
MemAvailable:    1960916 kB
Buffers:          170912 kB
Cached:           817644 kB
SwapCached:            0 kB
Active:          1595680 kB
Inactive:         522608 kB
Active(anon):    1130544 kB
Inactive(anon):     6936 kB
Active(file):     465136 kB
Inactive(file):   515672 kB
Unevictable:           0 kB
Mlocked:               0 kB
SwapTotal:       3769340 kB
SwapFree:        3769340 kB
Dirty:                84 kB
Writeback:             0 kB
AnonPages:       1129552 kB
Mapped:           121772 kB
Shmem:              7928 kB
Slab:              90040 kB
SReclaimable:      59980 kB
SUnreclaim:        30060 kB
KernelStack:        5040 kB
PageTables:         8084 kB
NFS_Unstable:          0 kB
Bounce:                0 kB
WritebackTmp:          0 kB
CommitLimit:     5583544 kB
Committed_AS:    1417408 kB
VmallocTotal:   34359738367 kB
VmallocUsed:           0 kB
VmallocChunk:          0 kB
HardwareCorrupted:     0 kB
AnonHugePages:    942080 kB
CmaTotal:              0 kB
CmaFree:               0 kB
HugePages_Total:       0
HugePages_Free:        0
HugePages_Rsvd:        0
HugePages_Surp:        0
Hugepagesize:       2048 kB
DirectMap4k:      409340 kB
DirectMap2M:     3360768 kB
DirectMap1G:           0 kB


CPU:total 2 (2 cores per cpu, 1 threads per core) family 20 model 2 stepping 0, cmov, cx8, fxsr, mmx, sse, sse2, sse3, ssse3, popcnt, mmxext, lzcnt, sse4a, tsc, tscinvbit, tscinv

/proc/cpuinfo:
processor	: 0
vendor_id	: AuthenticAMD
cpu family	: 20
model		: 2
model name	: AMD E-300 APU with Radeon(tm) HD Graphics
stepping	: 0
microcode	: 0x500010d
cpu MHz		: 1300.000
cache size	: 512 KB
physical id	: 0
siblings	: 2
core id		: 0
cpu cores	: 2
apicid		: 0
initial apicid	: 0
fpu		: yes
fpu_exception	: yes
cpuid level	: 6
wp		: yes
flags		: fpu vme de pse tsc msr pae mce cx8 apic sep mtrr pge mca cmov pat pse36 clflush mmx fxsr sse sse2 ht syscall nx mmxext fxsr_opt pdpe1gb rdtscp lm constant_tsc rep_good nopl nonstop_tsc extd_apicid aperfmperf pni monitor ssse3 cx16 popcnt lahf_lm cmp_legacy svm extapic cr8_legacy abm sse4a misalignsse 3dnowprefetch ibs skinit wdt hw_pstate vmmcall arat npt lbrv svm_lock nrip_save pausefilter
bugs		: fxsave_leak sysret_ss_attrs
bogomips	: 2595.27
TLB size	: 1024 4K pages
clflush size	: 64
cache_alignment	: 64
address sizes	: 36 bits physical, 48 bits virtual
power management: ts ttp tm stc 100mhzsteps hwpstate

processor	: 1
vendor_id	: AuthenticAMD
cpu family	: 20
model		: 2
model name	: AMD E-300 APU with Radeon(tm) HD Graphics
stepping	: 0
microcode	: 0x500010d
cpu MHz		: 1300.000
cache size	: 512 KB
physical id	: 0
siblings	: 2
core id		: 1
cpu cores	: 2
apicid		: 1
initial apicid	: 1
fpu		: yes
fpu_exception	: yes
cpuid level	: 6
wp		: yes
flags		: fpu vme de pse tsc msr pae mce cx8 apic sep mtrr pge mca cmov pat pse36 clflush mmx fxsr sse sse2 ht syscall nx mmxext fxsr_opt pdpe1gb rdtscp lm constant_tsc rep_good nopl nonstop_tsc extd_apicid aperfmperf pni monitor ssse3 cx16 popcnt lahf_lm cmp_legacy svm extapic cr8_legacy abm sse4a misalignsse 3dnowprefetch ibs skinit wdt hw_pstate vmmcall arat npt lbrv svm_lock nrip_save pausefilter
bugs		: fxsave_leak sysret_ss_attrs
bogomips	: 2595.27
TLB size	: 1024 4K pages
clflush size	: 64
cache_alignment	: 64
address sizes	: 36 bits physical, 48 bits virtual
power management: ts ttp tm stc 100mhzsteps hwpstate



Memory: 4k page, physical 3628412k(1150112k free), swap 3769340k(3769340k free)

vm_info: Java HotSpot(TM) 64-Bit Server VM (25.101-b13) for linux-amd64 JRE (1.8.0_101-b13), built on Jun 22 2016 02:59:44 by "java_re" with gcc 4.3.0 20080428 (Red Hat 4.3.0-8)

time: Thu Oct 27 01:07:21 2016
elapsed time: 2599 seconds (0d 0h 43m 19s)

